2026-03-18 21:31:24:INFO:Start running cmcm...
2026-03-18 21:31:24:INFO:<Storage{'is_tune': False, 'train_mode': 'classification', 'modelName': 'cmcm', 'datasetName': 'iemocap4', 'root_dataset_dir': '/mnt/workspace/Datasets/', 'num_workers': 0, 'model_save_dir': '/mnt/workspace/results/models', 'res_save_dir': '/mnt/workspace/results', 'pretrain_LM': '/mnt/workspace/models/chatglm3-6b/', 'gpu_ids': [], 'seeds': [1111], 'dataPath': '/mnt/workspace/Datasets/IEMOCAP_Processed', 'seq_lens': (84, 157, 32), 'feature_dims': (4096, 64, 768), 'train_samples': 4290, 'num_classes': 4, 'language': 'en', 'KeyEval': 'weight_F1', 'need_data_aligned': False, 'need_model_aligned': False, 'need_label_prefix': True, 'need_normalized': False, 'use_PLM': True, 'save_labels': False, 'task_specific_prompt': 'Please recognize the emotion of the above multimodal content from the target                                                 set <angry:0, happy:1, sad:2, neutral:3>. response: The emotion is', 'max_new_tokens': 2, 'pseudo_tokens': 4, 'label_index_mapping': {'angry': 0, 'happy': 1, 'sad': 2, 'neutral': 3}, 'batch_size': 8, 'learning_rate': 5e-05, 'a_lstm_hidden_size': 64, 'v_lstm_hidden_size': 32, 'a_lstm_layers': 1, 'v_lstm_layers': 1, 'a_lstm_dropout': 0.0, 'v_lstm_dropout': 0.0, 'warm_up_epochs': 90, 'gamma': 1, 'update_epochs': 1, 'early_stop': 8, 'H': 3.0, 'seed': 1111}>
2026-03-18 21:31:24:INFO:Find gpu: 0, with memory: 329842688 left!
2026-03-18 21:31:24:INFO:Let's use the GPU 1 !
2026-03-18 21:31:29:INFO:We will use 90% of the memory on device 0 for storing the model, and 10% for the buffer to avoid OOM. You can set `max_memory` in to a higher value to use more memory (at your own risk).
2026-03-18 21:32:02:INFO:trainable params: 2722956 || all params: 6246306956 || trainable%: 0.043593054570980005
2026-03-18 21:32:02:INFO:Init labels...
2026-03-18 21:32:02:INFO:Start training...
2026-03-18 21:37:31:INFO:Start running cmcm...
2026-03-18 21:37:31:INFO:<Storage{'is_tune': False, 'train_mode': 'classification', 'modelName': 'cmcm', 'datasetName': 'iemocap4', 'root_dataset_dir': '/mnt/workspace/Datasets/', 'num_workers': 0, 'model_save_dir': '/mnt/workspace/results/models', 'res_save_dir': '/mnt/workspace/results', 'pretrain_LM': '/mnt/workspace/models/chatglm3-6b/', 'gpu_ids': [], 'seeds': [1111], 'dataPath': '/mnt/workspace/Datasets/IEMOCAP_Processed', 'seq_lens': (84, 157, 32), 'feature_dims': (4096, 64, 768), 'train_samples': 4290, 'num_classes': 4, 'language': 'en', 'KeyEval': 'weight_F1', 'need_data_aligned': False, 'need_model_aligned': False, 'need_label_prefix': True, 'need_normalized': False, 'use_PLM': True, 'save_labels': False, 'task_specific_prompt': 'Please recognize the emotion of the above multimodal content from the target                                                 set <angry:0, happy:1, sad:2, neutral:3>. response: The emotion is', 'max_new_tokens': 2, 'pseudo_tokens': 4, 'label_index_mapping': {'angry': 0, 'happy': 1, 'sad': 2, 'neutral': 3}, 'batch_size': 8, 'learning_rate': 5e-05, 'a_lstm_hidden_size': 64, 'v_lstm_hidden_size': 32, 'a_lstm_layers': 1, 'v_lstm_layers': 1, 'a_lstm_dropout': 0.0, 'v_lstm_dropout': 0.0, 'warm_up_epochs': 90, 'gamma': 1, 'update_epochs': 1, 'early_stop': 8, 'H': 3.0, 'seed': 1111}>
2026-03-18 21:37:31:INFO:Find gpu: 0, with memory: 329842688 left!
2026-03-18 21:37:31:INFO:Let's use the GPU 1 !
2026-03-18 21:37:36:INFO:We will use 90% of the memory on device 0 for storing the model, and 10% for the buffer to avoid OOM. You can set `max_memory` in to a higher value to use more memory (at your own risk).
2026-03-18 21:38:09:INFO:trainable params: 2722956 || all params: 6246306956 || trainable%: 0.043593054570980005
2026-03-18 21:38:09:INFO:Init labels...
2026-03-18 21:38:09:INFO:Start training...
2026-03-18 21:44:19:INFO:TRAIN-(cmcm) (1/1/1)>> loss: 3.6230
2026-03-18 21:50:09:INFO:Start running cmcm...
2026-03-18 21:50:09:INFO:<Storage{'is_tune': False, 'train_mode': 'classification', 'modelName': 'cmcm', 'datasetName': 'iemocap4', 'root_dataset_dir': '/mnt/workspace/Datasets/', 'num_workers': 0, 'model_save_dir': '/mnt/workspace/results/models', 'res_save_dir': '/mnt/workspace/results', 'pretrain_LM': '/mnt/workspace/models/chatglm3-6b/', 'gpu_ids': [], 'seeds': [1111], 'dataPath': '/mnt/workspace/Datasets/IEMOCAP_Processed', 'seq_lens': (84, 157, 32), 'feature_dims': (4096, 64, 768), 'train_samples': 4290, 'num_classes': 4, 'language': 'en', 'KeyEval': 'weight_F1', 'need_data_aligned': False, 'need_model_aligned': False, 'need_label_prefix': True, 'need_normalized': False, 'use_PLM': True, 'save_labels': False, 'task_specific_prompt': 'Please recognize the emotion of the above multimodal content from the target                                                 set <angry:0, happy:1, sad:2, neutral:3>. response: The emotion is', 'max_new_tokens': 2, 'pseudo_tokens': 4, 'label_index_mapping': {'angry': 0, 'happy': 1, 'sad': 2, 'neutral': 3}, 'batch_size': 8, 'learning_rate': 5e-05, 'a_lstm_hidden_size': 64, 'v_lstm_hidden_size': 32, 'a_lstm_layers': 1, 'v_lstm_layers': 1, 'a_lstm_dropout': 0.0, 'v_lstm_dropout': 0.0, 'warm_up_epochs': 90, 'gamma': 1, 'update_epochs': 1, 'early_stop': 8, 'H': 3.0, 'seed': 1111}>
2026-03-18 21:50:09:INFO:Find gpu: 0, with memory: 329842688 left!
2026-03-18 21:50:09:INFO:Let's use the GPU 1 !
2026-03-18 21:50:14:INFO:We will use 90% of the memory on device 0 for storing the model, and 10% for the buffer to avoid OOM. You can set `max_memory` in to a higher value to use more memory (at your own risk).
2026-03-18 21:50:48:INFO:trainable params: 2722956 || all params: 6246306956 || trainable%: 0.043593054570980005
2026-03-18 21:50:48:INFO:Init labels...
2026-03-18 21:50:48:INFO:Start training...
2026-03-18 21:56:56:INFO:TRAIN-(cmcm) (1/1/1)>> loss: 3.6231
2026-03-19 09:46:23:INFO:Start running cmcm...
2026-03-19 09:46:23:INFO:<Storage{'is_tune': False, 'train_mode': 'classification', 'modelName': 'cmcm', 'datasetName': 'iemocap4', 'root_dataset_dir': '/mnt/workspace/Datasets/', 'num_workers': 0, 'model_save_dir': '/mnt/workspace/results/models', 'res_save_dir': '/mnt/workspace/results', 'pretrain_LM': '/mnt/workspace/models/chatglm3-6b/', 'gpu_ids': [], 'seeds': [1111], 'dataPath': '/mnt/workspace/Datasets/IEMOCAP_Processed', 'seq_lens': (84, 157, 32), 'feature_dims': (4096, 64, 768), 'train_samples': 4290, 'num_classes': 4, 'language': 'en', 'KeyEval': 'weight_F1', 'need_data_aligned': False, 'need_model_aligned': False, 'need_label_prefix': True, 'need_normalized': False, 'use_PLM': True, 'save_labels': False, 'task_specific_prompt': 'Please recognize the emotion of the above multimodal content from the target                                                 set <angry:0, happy:1, sad:2, neutral:3>. response: The emotion is', 'max_new_tokens': 2, 'pseudo_tokens': 4, 'label_index_mapping': {'angry': 0, 'happy': 1, 'sad': 2, 'neutral': 3}, 'batch_size': 8, 'learning_rate': 5e-05, 'a_lstm_hidden_size': 64, 'v_lstm_hidden_size': 32, 'a_lstm_layers': 1, 'v_lstm_layers': 1, 'a_lstm_dropout': 0.0, 'v_lstm_dropout': 0.0, 'warm_up_epochs': 90, 'gamma': 1, 'update_epochs': 1, 'early_stop': 8, 'H': 3.0, 'seed': 1111}>
2026-03-19 09:46:23:INFO:Find gpu: 0, with memory: 329842688 left!
2026-03-19 09:46:23:INFO:Let's use the GPU 1 !
2026-03-19 09:46:28:WARNING:Setting eos_token is not supported, use the default one.
2026-03-19 09:46:28:WARNING:Setting pad_token is not supported, use the default one.
2026-03-19 09:46:28:WARNING:Setting unk_token is not supported, use the default one.
2026-03-19 09:46:30:WARNING:Setting eos_token is not supported, use the default one.
2026-03-19 09:46:30:WARNING:Setting pad_token is not supported, use the default one.
2026-03-19 09:46:30:WARNING:Setting unk_token is not supported, use the default one.
2026-03-19 09:46:31:WARNING:Setting eos_token is not supported, use the default one.
2026-03-19 09:46:31:WARNING:Setting pad_token is not supported, use the default one.
2026-03-19 09:46:31:WARNING:Setting unk_token is not supported, use the default one.
2026-03-19 09:46:32:INFO:We will use 90% of the memory on device 0 for storing the model, and 10% for the buffer to avoid OOM. You can set `max_memory` in to a higher value to use more memory (at your own risk).
2026-03-19 09:47:12:INFO:trainable params: 2722956 || all params: 6246306956 || trainable%: 0.043593054570980005
2026-03-19 09:47:13:INFO:Init labels...
2026-03-19 09:47:13:INFO:Start training...
2026-03-19 09:53:24:INFO:TRAIN-(cmcm) (1/1/1)>> loss: 3.6234
2026-03-19 09:55:41:INFO:VAL-(cmcm) >>
2026-03-19 09:55:41:INFO:M: >>  acc: 0.3889  weight_F1: 0.3499 
2026-03-19 09:55:47:INFO:Saving checkpoint at epoch 1 to /mnt/workspace/results/models/cmcm-iemocap4-classification.pth.
2026-03-19 10:02:00:INFO:TRAIN-(cmcm) (1/2/1)>> loss: 0.6594
2026-03-19 10:04:15:INFO:VAL-(cmcm) >>
2026-03-19 10:04:15:INFO:M: >>  acc: 0.4356  weight_F1: 0.4108 
2026-03-19 10:04:21:INFO:Saving checkpoint at epoch 2 to /mnt/workspace/results/models/cmcm-iemocap4-classification.pth.
2026-03-19 10:10:34:INFO:TRAIN-(cmcm) (1/3/1)>> loss: 0.6276
2026-03-19 10:12:49:INFO:VAL-(cmcm) >>
2026-03-19 10:12:49:INFO:M: >>  acc: 0.4245  weight_F1: 0.4226 
2026-03-19 10:12:55:INFO:Saving checkpoint at epoch 3 to /mnt/workspace/results/models/cmcm-iemocap4-classification.pth.
2026-03-19 10:19:08:INFO:TRAIN-(cmcm) (1/4/1)>> loss: 0.6189
2026-03-19 10:21:22:INFO:VAL-(cmcm) >>
2026-03-19 10:21:22:INFO:M: >>  acc: 0.4870  weight_F1: 0.4635 
2026-03-19 10:21:28:INFO:Saving checkpoint at epoch 4 to /mnt/workspace/results/models/cmcm-iemocap4-classification.pth.
2026-03-19 10:27:41:INFO:TRAIN-(cmcm) (1/5/1)>> loss: 0.6084
2026-03-19 10:29:55:INFO:VAL-(cmcm) >>
2026-03-19 10:29:55:INFO:M: >>  acc: 0.4901  weight_F1: 0.4587 
2026-03-19 10:36:07:INFO:TRAIN-(cmcm) (2/6/1)>> loss: 0.6016
2026-03-19 10:38:21:INFO:VAL-(cmcm) >>
2026-03-19 10:38:21:INFO:M: >>  acc: 0.5043  weight_F1: 0.4808 
2026-03-19 10:38:26:INFO:Saving checkpoint at epoch 6 to /mnt/workspace/results/models/cmcm-iemocap4-classification.pth.
2026-03-19 10:44:38:INFO:TRAIN-(cmcm) (1/7/1)>> loss: 0.5915
2026-03-19 10:46:52:INFO:VAL-(cmcm) >>
2026-03-19 10:46:52:INFO:M: >>  acc: 0.5225  weight_F1: 0.5013 
2026-03-19 10:46:58:INFO:Saving checkpoint at epoch 7 to /mnt/workspace/results/models/cmcm-iemocap4-classification.pth.
2026-03-19 10:53:10:INFO:TRAIN-(cmcm) (1/8/1)>> loss: 0.5798
2026-03-19 10:55:23:INFO:VAL-(cmcm) >>
2026-03-19 10:55:23:INFO:M: >>  acc: 0.5455  weight_F1: 0.5319 
2026-03-19 10:55:29:INFO:Saving checkpoint at epoch 8 to /mnt/workspace/results/models/cmcm-iemocap4-classification.pth.
2026-03-19 11:01:43:INFO:TRAIN-(cmcm) (1/9/1)>> loss: 0.5378
2026-03-19 11:03:57:INFO:VAL-(cmcm) >>
2026-03-19 11:03:57:INFO:M: >>  acc: 0.5802  weight_F1: 0.5788 
2026-03-19 11:04:03:INFO:Saving checkpoint at epoch 9 to /mnt/workspace/results/models/cmcm-iemocap4-classification.pth.
2026-03-19 11:10:13:INFO:TRAIN-(cmcm) (1/10/1)>> loss: 0.4892
2026-03-19 11:12:27:INFO:VAL-(cmcm) >>
2026-03-19 11:12:27:INFO:M: >>  acc: 0.5628  weight_F1: 0.5572 
2026-03-19 11:18:36:INFO:TRAIN-(cmcm) (2/11/1)>> loss: 0.4665
2026-03-19 11:20:50:INFO:VAL-(cmcm) >>
2026-03-19 11:20:50:INFO:M: >>  acc: 0.5968  weight_F1: 0.5916 
2026-03-19 11:20:56:INFO:Saving checkpoint at epoch 11 to /mnt/workspace/results/models/cmcm-iemocap4-classification.pth.
2026-03-19 11:27:07:INFO:TRAIN-(cmcm) (1/12/1)>> loss: 0.4559
2026-03-19 11:29:20:INFO:VAL-(cmcm) >>
2026-03-19 11:29:20:INFO:M: >>  acc: 0.6071  weight_F1: 0.6017 
2026-03-19 11:29:26:INFO:Saving checkpoint at epoch 12 to /mnt/workspace/results/models/cmcm-iemocap4-classification.pth.
2026-03-19 11:35:37:INFO:TRAIN-(cmcm) (1/13/1)>> loss: 0.4398
2026-03-19 11:37:51:INFO:VAL-(cmcm) >>
2026-03-19 11:37:51:INFO:M: >>  acc: 0.5960  weight_F1: 0.5910 
2026-03-19 11:44:01:INFO:TRAIN-(cmcm) (2/14/1)>> loss: 0.4264
2026-03-19 11:46:16:INFO:VAL-(cmcm) >>
2026-03-19 11:46:16:INFO:M: >>  acc: 0.6063  weight_F1: 0.6052 
2026-03-19 11:46:22:INFO:Saving checkpoint at epoch 14 to /mnt/workspace/results/models/cmcm-iemocap4-classification.pth.
2026-03-19 11:52:34:INFO:TRAIN-(cmcm) (1/15/1)>> loss: 0.4174
2026-03-19 11:54:49:INFO:VAL-(cmcm) >>
2026-03-19 11:54:49:INFO:M: >>  acc: 0.6229  weight_F1: 0.6211 
2026-03-19 11:54:55:INFO:Saving checkpoint at epoch 15 to /mnt/workspace/results/models/cmcm-iemocap4-classification.pth.
2026-03-19 12:01:07:INFO:TRAIN-(cmcm) (1/16/1)>> loss: 0.3976
2026-03-19 12:03:20:INFO:VAL-(cmcm) >>
2026-03-19 12:03:20:INFO:M: >>  acc: 0.6111  weight_F1: 0.6094 
2026-03-19 12:09:25:INFO:TRAIN-(cmcm) (2/17/1)>> loss: 0.3844
2026-03-19 12:11:38:INFO:VAL-(cmcm) >>
2026-03-19 12:11:38:INFO:M: >>  acc: 0.6000  weight_F1: 0.5974 
2026-03-19 12:17:43:INFO:TRAIN-(cmcm) (3/18/1)>> loss: 0.3678
2026-03-19 12:19:56:INFO:VAL-(cmcm) >>
2026-03-19 12:19:56:INFO:M: >>  acc: 0.5976  weight_F1: 0.5987 
2026-03-19 12:26:01:INFO:TRAIN-(cmcm) (4/19/1)>> loss: 0.3500
2026-03-19 12:28:14:INFO:VAL-(cmcm) >>
2026-03-19 12:28:14:INFO:M: >>  acc: 0.5913  weight_F1: 0.5824 
2026-03-19 12:34:20:INFO:TRAIN-(cmcm) (5/20/1)>> loss: 0.3369
2026-03-19 12:36:35:INFO:VAL-(cmcm) >>
2026-03-19 12:36:35:INFO:M: >>  acc: 0.6142  weight_F1: 0.6049 
2026-03-19 12:42:44:INFO:TRAIN-(cmcm) (6/21/1)>> loss: 0.3212
2026-03-19 12:44:57:INFO:VAL-(cmcm) >>
2026-03-19 12:44:57:INFO:M: >>  acc: 0.5787  weight_F1: 0.5690 
2026-03-19 12:51:05:INFO:TRAIN-(cmcm) (7/22/1)>> loss: 0.3044
2026-03-19 12:53:19:INFO:VAL-(cmcm) >>
2026-03-19 12:53:19:INFO:M: >>  acc: 0.6000  weight_F1: 0.5946 
2026-03-19 12:59:27:INFO:TRAIN-(cmcm) (8/23/1)>> loss: 0.2946
2026-03-19 13:01:40:INFO:VAL-(cmcm) >>
2026-03-19 13:01:40:INFO:M: >>  acc: 0.5953  weight_F1: 0.5948 
2026-03-19 13:03:54:INFO:TEST-(cmcm) >>
2026-03-19 13:03:54:INFO:M: >>  acc: 0.6229  weight_F1: 0.6211 
2026-03-19 13:03:54:INFO:Results are added to /mnt/workspace/results/iemocap4-classification-90.csv...
